{
  "RSpec": {
    "coverage": {
      "/Users/kakulgupta/Desktop/RUBY/Playback/lib/Record.rb": [
        1
      ],
      "/Users/kakulgupta/Desktop/RUBY/Playback/lib/Record/vcr.rb": [
        1,
        1,
        4,
        4,
        null,
        1,
        3,
        3,
        15,
        null,
        3,
        3,
        null,
        null,
        1,
        4,
        4,
        null,
        null,
        1,
        2,
        null,
        null,
        1,
        1,
        1,
        1
      ]
    },
    "timestamp": 1422929927
  }
}
