{
  "RSpec": {
    "coverage": {
      "/Users/kakulgupta/Desktop/RUBY/Playback/lib/Record.rb": [
        1
      ],
      "/Users/kakulgupta/Desktop/RUBY/Playback/lib/Record/vcr.rb": [
        1,
        1,
        3,
        3,
        null,
        1,
        2,
        2,
        10,
        null,
        2,
        2,
        null,
        null,
        1,
        3,
        3,
        null,
        null,
        1,
        1,
        null,
        null
      ]
    },
    "timestamp": 1422937545
  }
}
